This file contains any messages produced by compilers while
running configure, to aid debugging if configure makes a mistake.

It was created by 2048 AI configure 1.0, which was
generated by GNU Autoconf 2.69.  Invocation command line was

  $ configure 

## --------- ##
## Platform. ##
## --------- ##

hostname = mingzhang-Lenovo-XiaoXin-V4000
uname -m = x86_64
uname -r = 4.4.0-140-generic
uname -s = Linux
uname -v = #166-Ubuntu SMP Wed Nov 14 20:09:47 UTC 2018

/usr/bin/uname -p = unknown
/bin/uname -X     = unknown

/bin/arch              = unknown
/usr/bin/arch -k       = unknown
/usr/convex/getsysinfo = unknown
/usr/bin/hostinfo      = unknown
/bin/machine           = unknown
/usr/bin/oslevel       = unknown
/bin/universe          = unknown

PATH: /home/mingzhang/anaconda3/bin
PATH: /home/mingzhang/bin
PATH: /home/mingzhang/.local/bin
PATH: /usr/java/jdk-10.0.2/bin
PATH: /usr/local/sbin
PATH: /usr/local/bin
PATH: /usr/sbin
PATH: /usr/bin
PATH: /sbin
PATH: /bin
PATH: /usr/games
PATH: /usr/local/games
PATH: /snap/bin


## ----------- ##
## Core tests. ##
## ----------- ##

configure:2297: checking for g++
configure:2313: found /usr/bin/g++
configure:2324: result: g++
configure:2351: checking for C++ compiler version
configure:2360: g++ --version >&5
g++ (Ubuntu 5.4.0-6ubuntu1~16.04.10) 5.4.0 20160609
Copyright (C) 2015 Free Software Foundation, Inc.
This is free software; see the source for copying conditions.  There is NO
warranty; not even for MERCHANTABILITY or FITNESS FOR A PARTICULAR PURPOSE.

configure:2371: $? = 0
configure:2360: g++ -v >&5
Using built-in specs.
COLLECT_GCC=g++
COLLECT_LTO_WRAPPER=/usr/lib/gcc/x86_64-linux-gnu/5/lto-wrapper
Target: x86_64-linux-gnu
Configured with: ../src/configure -v --with-pkgversion='Ubuntu 5.4.0-6ubuntu1~16.04.10' --with-bugurl=file:///usr/share/doc/gcc-5/README.Bugs --enable-languages=c,ada,c++,java,go,d,fortran,objc,obj-c++ --prefix=/usr --program-suffix=-5 --enable-shared --enable-linker-build-id --libexecdir=/usr/lib --without-included-gettext --enable-threads=posix --libdir=/usr/lib --enable-nls --with-sysroot=/ --enable-clocale=gnu --enable-libstdcxx-debug --enable-libstdcxx-time=yes --with-default-libstdcxx-abi=new --enable-gnu-unique-object --disable-vtable-verify --enable-libmpx --enable-plugin --with-system-zlib --disable-browser-plugin --enable-java-awt=gtk --enable-gtk-cairo --with-java-home=/usr/lib/jvm/java-1.5.0-gcj-5-amd64/jre --enable-java-home --with-jvm-root-dir=/usr/lib/jvm/java-1.5.0-gcj-5-amd64 --with-jvm-jar-dir=/usr/lib/jvm-exports/java-1.5.0-gcj-5-amd64 --with-arch-directory=amd64 --with-ecj-jar=/usr/share/java/eclipse-ecj.jar --enable-objc-gc --enable-multiarch --disable-werror --with-arch-32=i686 --with-abi=m64 --with-multilib-list=m32,m64,mx32 --enable-multilib --with-tune=generic --enable-checking=release --build=x86_64-linux-gnu --host=x86_64-linux-gnu --target=x86_64-linux-gnu
Thread model: posix
gcc version 5.4.0 20160609 (Ubuntu 5.4.0-6ubuntu1~16.04.10) 
configure:2371: $? = 0
configure:2360: g++ -V >&5
g++: error: unrecognized command line option '-V'
g++: fatal error: no input files
compilation terminated.
configure:2371: $? = 1
configure:2360: g++ -qversion >&5
g++: error: unrecognized command line option '-qversion'
g++: fatal error: no input files
compilation terminated.
configure:2371: $? = 1
configure:2391: checking whether the C++ compiler works
configure:2413: g++    conftest.cpp  >&5
configure:2417: $? = 0
configure:2465: result: yes
configure:2468: checking for C++ compiler default output file name
configure:2470: result: a.out
configure:2476: checking for suffix of executables
configure:2483: g++ -o conftest    conftest.cpp  >&5
configure:2487: $? = 0
configure:2509: result: 
configure:2531: checking whether we are cross compiling
configure:2539: g++ -o conftest    conftest.cpp  >&5
configure:2543: $? = 0
configure:2550: ./conftest
configure:2554: $? = 0
configure:2569: result: no
configure:2574: checking for suffix of object files
configure:2596: g++ -c   conftest.cpp >&5
configure:2600: $? = 0
configure:2621: result: o
configure:2625: checking whether we are using the GNU C++ compiler
configure:2644: g++ -c   conftest.cpp >&5
configure:2644: $? = 0
configure:2653: result: yes
configure:2662: checking whether g++ accepts -g
configure:2682: g++ -c -g  conftest.cpp >&5
configure:2682: $? = 0
configure:2723: result: yes
configure:2754: checking whether g++ supports C++11 features by default
configure:2788: g++ -c -g -O2  conftest.cpp >&5
conftest.cpp:13:21: error: expected identifier before 'sizeof'
       static_assert(sizeof(int) <= sizeof(T), "not big enough");
                     ^
conftest.cpp:13:21: error: expected ',' or '...' before 'sizeof'
conftest.cpp:13:63: error: ISO C++ forbids declaration of 'static_assert' with no type [-fpermissive]
       static_assert(sizeof(int) <= sizeof(T), "not big enough");
                                                               ^
conftest.cpp:20:20: warning: override controls (override/final) only available with -std=c++11 or -std=gnu++11
     virtual void f() override {}
                    ^
conftest.cpp:23:29: error: '>>' should be '> >' within a nested template argument list
     typedef check<check<bool>> right_angle_brackets;
                             ^
conftest.cpp:26:13: error: expected constructor, destructor, or type conversion before '(' token
     decltype(a) b;
             ^
conftest.cpp:30:15: error: expected unqualified-id before '&&' token
     check_type&& cr = static_cast<check_type&&>(c);
               ^
conftest.cpp:32:10: error: 'd' does not name a type
     auto d = a;
          ^
conftest.cpp:33:10: error: 'l' does not name a type
     auto l = [](){};
          ^
configure:2788: $? = 1
configure: failed program was:
| /* confdefs.h */
| #define PACKAGE_NAME "2048 AI"
| #define PACKAGE_TARNAME "2048-ai"
| #define PACKAGE_VERSION "1.0"
| #define PACKAGE_STRING "2048 AI 1.0"
| #define PACKAGE_BUGREPORT "https://github.com/nneonneo/2048-ai/issues"
| #define PACKAGE_URL "https://github.com/nneonneo/2048-ai"
| /* end confdefs.h.  */
| 
|   template <typename T>
|     struct check
|     {
|       static_assert(sizeof(int) <= sizeof(T), "not big enough");
|     };
| 
|     struct Base {
|     virtual void f() {}
|     };
|     struct Child : public Base {
|     virtual void f() override {}
|     };
| 
|     typedef check<check<bool>> right_angle_brackets;
| 
|     int a;
|     decltype(a) b;
| 
|     typedef check<int> check_type;
|     check_type c;
|     check_type&& cr = static_cast<check_type&&>(c);
| 
|     auto d = a;
|     auto l = [](){};
| 
configure:2795: result: no
configure:2804: checking whether g++ supports C++11 features with -std=gnu++11
configure:2840: g++ -c -g -O2 -std=gnu++11  conftest.cpp >&5
configure:2840: $? = 0
configure:2849: result: yes
configure:3055: checking for C++ compiler version
configure:3064: g++ --version >&5
g++ (Ubuntu 5.4.0-6ubuntu1~16.04.10) 5.4.0 20160609
Copyright (C) 2015 Free Software Foundation, Inc.
This is free software; see the source for copying conditions.  There is NO
warranty; not even for MERCHANTABILITY or FITNESS FOR A PARTICULAR PURPOSE.

configure:3075: $? = 0
configure:3064: g++ -v >&5
Using built-in specs.
COLLECT_GCC=g++
COLLECT_LTO_WRAPPER=/usr/lib/gcc/x86_64-linux-gnu/5/lto-wrapper
Target: x86_64-linux-gnu
Configured with: ../src/configure -v --with-pkgversion='Ubuntu 5.4.0-6ubuntu1~16.04.10' --with-bugurl=file:///usr/share/doc/gcc-5/README.Bugs --enable-languages=c,ada,c++,java,go,d,fortran,objc,obj-c++ --prefix=/usr --program-suffix=-5 --enable-shared --enable-linker-build-id --libexecdir=/usr/lib --without-included-gettext --enable-threads=posix --libdir=/usr/lib --enable-nls --with-sysroot=/ --enable-clocale=gnu --enable-libstdcxx-debug --enable-libstdcxx-time=yes --with-default-libstdcxx-abi=new --enable-gnu-unique-object --disable-vtable-verify --enable-libmpx --enable-plugin --with-system-zlib --disable-browser-plugin --enable-java-awt=gtk --enable-gtk-cairo --with-java-home=/usr/lib/jvm/java-1.5.0-gcj-5-amd64/jre --enable-java-home --with-jvm-root-dir=/usr/lib/jvm/java-1.5.0-gcj-5-amd64 --with-jvm-jar-dir=/usr/lib/jvm-exports/java-1.5.0-gcj-5-amd64 --with-arch-directory=amd64 --with-ecj-jar=/usr/share/java/eclipse-ecj.jar --enable-objc-gc --enable-multiarch --disable-werror --with-arch-32=i686 --with-abi=m64 --with-multilib-list=m32,m64,mx32 --enable-multilib --with-tune=generic --enable-checking=release --build=x86_64-linux-gnu --host=x86_64-linux-gnu --target=x86_64-linux-gnu
Thread model: posix
gcc version 5.4.0 20160609 (Ubuntu 5.4.0-6ubuntu1~16.04.10) 
configure:3075: $? = 0
configure:3064: g++ -V >&5
g++: error: unrecognized command line option '-V'
g++: fatal error: no input files
compilation terminated.
configure:3075: $? = 1
configure:3064: g++ -qversion >&5
g++: error: unrecognized command line option '-qversion'
g++: fatal error: no input files
compilation terminated.
configure:3075: $? = 1
configure:3079: checking whether we are using the GNU C++ compiler
configure:3107: result: yes
configure:3116: checking whether g++ accepts -g
configure:3177: result: yes
configure:3248: checking for gcc
configure:3264: found /usr/bin/gcc
configure:3275: result: gcc
configure:3504: checking for C compiler version
configure:3513: gcc --version >&5
gcc (Ubuntu 5.4.0-6ubuntu1~16.04.10) 5.4.0 20160609
Copyright (C) 2015 Free Software Foundation, Inc.
This is free software; see the source for copying conditions.  There is NO
warranty; not even for MERCHANTABILITY or FITNESS FOR A PARTICULAR PURPOSE.

configure:3524: $? = 0
configure:3513: gcc -v >&5
Using built-in specs.
COLLECT_GCC=gcc
COLLECT_LTO_WRAPPER=/usr/lib/gcc/x86_64-linux-gnu/5/lto-wrapper
Target: x86_64-linux-gnu
Configured with: ../src/configure -v --with-pkgversion='Ubuntu 5.4.0-6ubuntu1~16.04.10' --with-bugurl=file:///usr/share/doc/gcc-5/README.Bugs --enable-languages=c,ada,c++,java,go,d,fortran,objc,obj-c++ --prefix=/usr --program-suffix=-5 --enable-shared --enable-linker-build-id --libexecdir=/usr/lib --without-included-gettext --enable-threads=posix --libdir=/usr/lib --enable-nls --with-sysroot=/ --enable-clocale=gnu --enable-libstdcxx-debug --enable-libstdcxx-time=yes --with-default-libstdcxx-abi=new --enable-gnu-unique-object --disable-vtable-verify --enable-libmpx --enable-plugin --with-system-zlib --disable-browser-plugin --enable-java-awt=gtk --enable-gtk-cairo --with-java-home=/usr/lib/jvm/java-1.5.0-gcj-5-amd64/jre --enable-java-home --with-jvm-root-dir=/usr/lib/jvm/java-1.5.0-gcj-5-amd64 --with-jvm-jar-dir=/usr/lib/jvm-exports/java-1.5.0-gcj-5-amd64 --with-arch-directory=amd64 --with-ecj-jar=/usr/share/java/eclipse-ecj.jar --enable-objc-gc --enable-multiarch --disable-werror --with-arch-32=i686 --with-abi=m64 --with-multilib-list=m32,m64,mx32 --enable-multilib --with-tune=generic --enable-checking=release --build=x86_64-linux-gnu --host=x86_64-linux-gnu --target=x86_64-linux-gnu
Thread model: posix
gcc version 5.4.0 20160609 (Ubuntu 5.4.0-6ubuntu1~16.04.10) 
configure:3524: $? = 0
configure:3513: gcc -V >&5
gcc: error: unrecognized command line option '-V'
gcc: fatal error: no input files
compilation terminated.
configure:3524: $? = 1
configure:3513: gcc -qversion >&5
gcc: error: unrecognized command line option '-qversion'
gcc: fatal error: no input files
compilation terminated.
configure:3524: $? = 1
configure:3528: checking whether we are using the GNU C compiler
configure:3547: gcc -c   conftest.c >&5
configure:3547: $? = 0
configure:3556: result: yes
configure:3565: checking whether gcc accepts -g
configure:3585: gcc -c -g  conftest.c >&5
configure:3585: $? = 0
configure:3626: result: yes
configure:3643: checking for gcc option to accept ISO C89
configure:3706: gcc  -c -g -O2  conftest.c >&5
configure:3706: $? = 0
configure:3719: result: none needed
configure:3744: checking how to run the C preprocessor
configure:3775: gcc -E  conftest.c
configure:3775: $? = 0
configure:3789: gcc -E  conftest.c
conftest.c:10:28: fatal error: ac_nonexistent.h: No such file or directory
compilation terminated.
configure:3789: $? = 1
configure: failed program was:
| /* confdefs.h */
| #define PACKAGE_NAME "2048 AI"
| #define PACKAGE_TARNAME "2048-ai"
| #define PACKAGE_VERSION "1.0"
| #define PACKAGE_STRING "2048 AI 1.0"
| #define PACKAGE_BUGREPORT "https://github.com/nneonneo/2048-ai/issues"
| #define PACKAGE_URL "https://github.com/nneonneo/2048-ai"
| #define HAVE_CXX11 1
| /* end confdefs.h.  */
| #include <ac_nonexistent.h>
configure:3814: result: gcc -E
configure:3834: gcc -E  conftest.c
configure:3834: $? = 0
configure:3848: gcc -E  conftest.c
conftest.c:10:28: fatal error: ac_nonexistent.h: No such file or directory
compilation terminated.
configure:3848: $? = 1
configure: failed program was:
| /* confdefs.h */
| #define PACKAGE_NAME "2048 AI"
| #define PACKAGE_TARNAME "2048-ai"
| #define PACKAGE_VERSION "1.0"
| #define PACKAGE_STRING "2048 AI 1.0"
| #define PACKAGE_BUGREPORT "https://github.com/nneonneo/2048-ai/issues"
| #define PACKAGE_URL "https://github.com/nneonneo/2048-ai"
| #define HAVE_CXX11 1
| /* end confdefs.h.  */
| #include <ac_nonexistent.h>
configure:3924: checking for gcc
configure:3951: result: gcc
configure:4180: checking for C compiler version
configure:4189: gcc --version >&5
gcc (Ubuntu 5.4.0-6ubuntu1~16.04.10) 5.4.0 20160609
Copyright (C) 2015 Free Software Foundation, Inc.
This is free software; see the source for copying conditions.  There is NO
warranty; not even for MERCHANTABILITY or FITNESS FOR A PARTICULAR PURPOSE.

configure:4200: $? = 0
configure:4189: gcc -v >&5
Using built-in specs.
COLLECT_GCC=gcc
COLLECT_LTO_WRAPPER=/usr/lib/gcc/x86_64-linux-gnu/5/lto-wrapper
Target: x86_64-linux-gnu
Configured with: ../src/configure -v --with-pkgversion='Ubuntu 5.4.0-6ubuntu1~16.04.10' --with-bugurl=file:///usr/share/doc/gcc-5/README.Bugs --enable-languages=c,ada,c++,java,go,d,fortran,objc,obj-c++ --prefix=/usr --program-suffix=-5 --enable-shared --enable-linker-build-id --libexecdir=/usr/lib --without-included-gettext --enable-threads=posix --libdir=/usr/lib --enable-nls --with-sysroot=/ --enable-clocale=gnu --enable-libstdcxx-debug --enable-libstdcxx-time=yes --with-default-libstdcxx-abi=new --enable-gnu-unique-object --disable-vtable-verify --enable-libmpx --enable-plugin --with-system-zlib --disable-browser-plugin --enable-java-awt=gtk --enable-gtk-cairo --with-java-home=/usr/lib/jvm/java-1.5.0-gcj-5-amd64/jre --enable-java-home --with-jvm-root-dir=/usr/lib/jvm/java-1.5.0-gcj-5-amd64 --with-jvm-jar-dir=/usr/lib/jvm-exports/java-1.5.0-gcj-5-amd64 --with-arch-directory=amd64 --with-ecj-jar=/usr/share/java/eclipse-ecj.jar --enable-objc-gc --enable-multiarch --disable-werror --with-arch-32=i686 --with-abi=m64 --with-multilib-list=m32,m64,mx32 --enable-multilib --with-tune=generic --enable-checking=release --build=x86_64-linux-gnu --host=x86_64-linux-gnu --target=x86_64-linux-gnu
Thread model: posix
gcc version 5.4.0 20160609 (Ubuntu 5.4.0-6ubuntu1~16.04.10) 
configure:4200: $? = 0
configure:4189: gcc -V >&5
gcc: error: unrecognized command line option '-V'
gcc: fatal error: no input files
compilation terminated.
configure:4200: $? = 1
configure:4189: gcc -qversion >&5
gcc: error: unrecognized command line option '-qversion'
gcc: fatal error: no input files
compilation terminated.
configure:4200: $? = 1
configure:4204: checking whether we are using the GNU C compiler
configure:4232: result: yes
configure:4241: checking whether gcc accepts -g
configure:4302: result: yes
configure:4319: checking for gcc option to accept ISO C89
configure:4395: result: none needed
configure:4444: checking for a thread-safe mkdir -p
configure:4483: result: /bin/mkdir -p
configure:4493: checking how to run the C++ preprocessor
configure:4520: g++ -E  conftest.cpp
configure:4520: $? = 0
configure:4534: g++ -E  conftest.cpp
conftest.cpp:10:28: fatal error: ac_nonexistent.h: No such file or directory
compilation terminated.
configure:4534: $? = 1
configure: failed program was:
| /* confdefs.h */
| #define PACKAGE_NAME "2048 AI"
| #define PACKAGE_TARNAME "2048-ai"
| #define PACKAGE_VERSION "1.0"
| #define PACKAGE_STRING "2048 AI 1.0"
| #define PACKAGE_BUGREPORT "https://github.com/nneonneo/2048-ai/issues"
| #define PACKAGE_URL "https://github.com/nneonneo/2048-ai"
| #define HAVE_CXX11 1
| /* end confdefs.h.  */
| #include <ac_nonexistent.h>
configure:4559: result: g++ -E
configure:4579: g++ -E  conftest.cpp
configure:4579: $? = 0
configure:4593: g++ -E  conftest.cpp
conftest.cpp:10:28: fatal error: ac_nonexistent.h: No such file or directory
compilation terminated.
configure:4593: $? = 1
configure: failed program was:
| /* confdefs.h */
| #define PACKAGE_NAME "2048 AI"
| #define PACKAGE_TARNAME "2048-ai"
| #define PACKAGE_VERSION "1.0"
| #define PACKAGE_STRING "2048 AI 1.0"
| #define PACKAGE_BUGREPORT "https://github.com/nneonneo/2048-ai/issues"
| #define PACKAGE_URL "https://github.com/nneonneo/2048-ai"
| #define HAVE_CXX11 1
| /* end confdefs.h.  */
| #include <ac_nonexistent.h>
configure:4622: checking for grep that handles long lines and -e
configure:4680: result: /bin/grep
configure:4685: checking for egrep
configure:4747: result: /bin/grep -E
configure:4752: checking for ANSI C header files
configure:4772: g++ -c -g -O2 -std=gnu++11  conftest.cpp >&5
configure:4772: $? = 0
configure:4845: g++ -o conftest -g -O2 -std=gnu++11   conftest.cpp  >&5
configure:4845: $? = 0
configure:4845: ./conftest
configure:4845: $? = 0
configure:4856: result: yes
configure:4869: checking for sys/types.h
configure:4869: g++ -c -g -O2 -std=gnu++11  conftest.cpp >&5
configure:4869: $? = 0
configure:4869: result: yes
configure:4869: checking for sys/stat.h
configure:4869: g++ -c -g -O2 -std=gnu++11  conftest.cpp >&5
configure:4869: $? = 0
configure:4869: result: yes
configure:4869: checking for stdlib.h
configure:4869: g++ -c -g -O2 -std=gnu++11  conftest.cpp >&5
configure:4869: $? = 0
configure:4869: result: yes
configure:4869: checking for string.h
configure:4869: g++ -c -g -O2 -std=gnu++11  conftest.cpp >&5
configure:4869: $? = 0
configure:4869: result: yes
configure:4869: checking for memory.h
configure:4869: g++ -c -g -O2 -std=gnu++11  conftest.cpp >&5
configure:4869: $? = 0
configure:4869: result: yes
configure:4869: checking for strings.h
configure:4869: g++ -c -g -O2 -std=gnu++11  conftest.cpp >&5
configure:4869: $? = 0
configure:4869: result: yes
configure:4869: checking for inttypes.h
configure:4869: g++ -c -g -O2 -std=gnu++11  conftest.cpp >&5
configure:4869: $? = 0
configure:4869: result: yes
configure:4869: checking for stdint.h
configure:4869: g++ -c -g -O2 -std=gnu++11  conftest.cpp >&5
configure:4869: $? = 0
configure:4869: result: yes
configure:4869: checking for unistd.h
configure:4869: g++ -c -g -O2 -std=gnu++11  conftest.cpp >&5
configure:4869: $? = 0
configure:4869: result: yes
configure:4884: checking fcntl.h usability
configure:4884: g++ -c -g -O2 -std=gnu++11  conftest.cpp >&5
configure:4884: $? = 0
configure:4884: result: yes
configure:4884: checking fcntl.h presence
configure:4884: g++ -E  conftest.cpp
configure:4884: $? = 0
configure:4884: result: yes
configure:4884: checking for fcntl.h
configure:4884: result: yes
configure:4884: checking for stdint.h
configure:4884: result: yes
configure:4884: checking for stdlib.h
configure:4884: result: yes
configure:4884: checking for string.h
configure:4884: result: yes
configure:4884: checking sys/time.h usability
configure:4884: g++ -c -g -O2 -std=gnu++11  conftest.cpp >&5
configure:4884: $? = 0
configure:4884: result: yes
configure:4884: checking sys/time.h presence
configure:4884: g++ -E  conftest.cpp
configure:4884: $? = 0
configure:4884: result: yes
configure:4884: checking for sys/time.h
configure:4884: result: yes
configure:4884: checking for unistd.h
configure:4884: result: yes
configure:4884: checking unordered_map usability
configure:4884: g++ -c -g -O2 -std=gnu++11  conftest.cpp >&5
configure:4884: $? = 0
configure:4884: result: yes
configure:4884: checking unordered_map presence
configure:4884: g++ -E  conftest.cpp
In file included from /usr/include/c++/5/unordered_map:35:0,
                 from conftest.cpp:26:
/usr/include/c++/5/bits/c++0x_warning.h:32:2: error: #error This file requires compiler and library support for the ISO C++ 2011 standard. This support must be enabled with the -std=c++11 or -std=gnu++11 compiler options.
 #error This file requires compiler and library support \
  ^
configure:4884: $? = 1
configure: failed program was:
| /* confdefs.h */
| #define PACKAGE_NAME "2048 AI"
| #define PACKAGE_TARNAME "2048-ai"
| #define PACKAGE_VERSION "1.0"
| #define PACKAGE_STRING "2048 AI 1.0"
| #define PACKAGE_BUGREPORT "https://github.com/nneonneo/2048-ai/issues"
| #define PACKAGE_URL "https://github.com/nneonneo/2048-ai"
| #define HAVE_CXX11 1
| #define STDC_HEADERS 1
| #define HAVE_SYS_TYPES_H 1
| #define HAVE_SYS_STAT_H 1
| #define HAVE_STDLIB_H 1
| #define HAVE_STRING_H 1
| #define HAVE_MEMORY_H 1
| #define HAVE_STRINGS_H 1
| #define HAVE_INTTYPES_H 1
| #define HAVE_STDINT_H 1
| #define HAVE_UNISTD_H 1
| #define HAVE_FCNTL_H 1
| #define HAVE_STDINT_H 1
| #define HAVE_STDLIB_H 1
| #define HAVE_STRING_H 1
| #define HAVE_SYS_TIME_H 1
| #define HAVE_UNISTD_H 1
| /* end confdefs.h.  */
| #include <unordered_map>
configure:4884: result: no
configure:4884: WARNING: unordered_map: accepted by the compiler, rejected by the preprocessor!
configure:4884: WARNING: unordered_map: proceeding with the compiler's result
configure:4884: checking for unordered_map
configure:4884: result: yes
configure:4884: checking tr1/unordered_map usability
configure:4884: g++ -c -g -O2 -std=gnu++11  conftest.cpp >&5
configure:4884: $? = 0
configure:4884: result: yes
configure:4884: checking tr1/unordered_map presence
configure:4884: g++ -E  conftest.cpp
configure:4884: $? = 0
configure:4884: result: yes
configure:4884: checking for tr1/unordered_map
configure:4884: result: yes
configure:4896: checking for inline
configure:4912: g++ -c -g -O2 -std=gnu++11  conftest.cpp >&5
configure:4912: $? = 0
configure:4920: result: inline
configure:4938: checking for uint16_t
configure:4938: g++ -c -g -O2 -std=gnu++11  conftest.cpp >&5
configure:4938: $? = 0
configure:4938: result: yes
configure:4950: checking for uint64_t
configure:4950: g++ -c -g -O2 -std=gnu++11  conftest.cpp >&5
configure:4950: $? = 0
configure:4950: result: yes
configure:4969: checking for gettimeofday
configure:4969: g++ -o conftest -g -O2 -std=gnu++11   conftest.cpp  >&5
configure:4969: $? = 0
configure:4969: result: yes
configure:4969: checking for strchr
configure:4969: g++ -o conftest -g -O2 -std=gnu++11   conftest.cpp  >&5
configure:4969: $? = 0
configure:4969: result: yes
configure:4969: checking for arc4random_uniform
configure:4969: g++ -o conftest -g -O2 -std=gnu++11   conftest.cpp  >&5
/tmp/cc7meFFJ.o: In function `main':
/home/mingzhang/Desktop/2048/2048-api-master/game2048/expectimax/conftest.cpp:64: undefined reference to `arc4random_uniform'
collect2: error: ld returned 1 exit status
configure:4969: $? = 1
configure: failed program was:
| /* confdefs.h */
| #define PACKAGE_NAME "2048 AI"
| #define PACKAGE_TARNAME "2048-ai"
| #define PACKAGE_VERSION "1.0"
| #define PACKAGE_STRING "2048 AI 1.0"
| #define PACKAGE_BUGREPORT "https://github.com/nneonneo/2048-ai/issues"
| #define PACKAGE_URL "https://github.com/nneonneo/2048-ai"
| #define HAVE_CXX11 1
| #define STDC_HEADERS 1
| #define HAVE_SYS_TYPES_H 1
| #define HAVE_SYS_STAT_H 1
| #define HAVE_STDLIB_H 1
| #define HAVE_STRING_H 1
| #define HAVE_MEMORY_H 1
| #define HAVE_STRINGS_H 1
| #define HAVE_INTTYPES_H 1
| #define HAVE_STDINT_H 1
| #define HAVE_UNISTD_H 1
| #define HAVE_FCNTL_H 1
| #define HAVE_STDINT_H 1
| #define HAVE_STDLIB_H 1
| #define HAVE_STRING_H 1
| #define HAVE_SYS_TIME_H 1
| #define HAVE_UNISTD_H 1
| #define HAVE_UNORDERED_MAP 1
| #define HAVE_TR1_UNORDERED_MAP 1
| #define HAVE_GETTIMEOFDAY 1
| #define HAVE_STRCHR 1
| /* end confdefs.h.  */
| /* Define arc4random_uniform to an innocuous variant, in case <limits.h> declares arc4random_uniform.
|    For example, HP-UX 11i <limits.h> declares gettimeofday.  */
| #define arc4random_uniform innocuous_arc4random_uniform
| 
| /* System header to define __stub macros and hopefully few prototypes,
|     which can conflict with char arc4random_uniform (); below.
|     Prefer <limits.h> to <assert.h> if __STDC__ is defined, since
|     <limits.h> exists even on freestanding compilers.  */
| 
| #ifdef __STDC__
| # include <limits.h>
| #else
| # include <assert.h>
| #endif
| 
| #undef arc4random_uniform
| 
| /* Override any GCC internal prototype to avoid an error.
|    Use char because int might match the return type of a GCC
|    builtin and then its argument prototype would still apply.  */
| #ifdef __cplusplus
| extern "C"
| #endif
| char arc4random_uniform ();
| /* The GNU C library defines this for functions which it implements
|     to always fail with ENOSYS.  Some functions are actually named
|     something starting with __ and the normal name is an alias.  */
| #if defined __stub_arc4random_uniform || defined __stub___arc4random_uniform
| choke me
| #endif
| 
| int
| main ()
| {
| return arc4random_uniform ();
|   ;
|   return 0;
| }
configure:4969: result: no
configure:4969: checking for drand48
configure:4969: g++ -o conftest -g -O2 -std=gnu++11   conftest.cpp  >&5
configure:4969: $? = 0
configure:4969: result: yes
configure:5095: creating ./config.status

## ---------------------- ##
## Running config.status. ##
## ---------------------- ##

This file was extended by 2048 AI config.status 1.0, which was
generated by GNU Autoconf 2.69.  Invocation command line was

  CONFIG_FILES    = 
  CONFIG_HEADERS  = 
  CONFIG_LINKS    = 
  CONFIG_COMMANDS = 
  $ ./config.status 

on mingzhang-Lenovo-XiaoXin-V4000

config.status:: creating Makefile
config.status:: creating config.h

## ---------------- ##
## Cache variables. ##
## ---------------- ##

ac_cv_c_compiler_gnu=yes
ac_cv_c_inline=inline
ac_cv_c_uint16_t=yes
ac_cv_c_uint64_t=yes
ac_cv_cxx_compiler_gnu=yes
ac_cv_env_CCC_set=
ac_cv_env_CCC_value=
ac_cv_env_CC_set=
ac_cv_env_CC_value=
ac_cv_env_CFLAGS_set=
ac_cv_env_CFLAGS_value=
ac_cv_env_CPPFLAGS_set=
ac_cv_env_CPPFLAGS_value=
ac_cv_env_CPP_set=
ac_cv_env_CPP_value=
ac_cv_env_CXXCPP_set=
ac_cv_env_CXXCPP_value=
ac_cv_env_CXXFLAGS_set=
ac_cv_env_CXXFLAGS_value=
ac_cv_env_CXX_set=
ac_cv_env_CXX_value=
ac_cv_env_LDFLAGS_set=
ac_cv_env_LDFLAGS_value=
ac_cv_env_LIBS_set=
ac_cv_env_LIBS_value=
ac_cv_env_build_alias_set=
ac_cv_env_build_alias_value=
ac_cv_env_host_alias_set=
ac_cv_env_host_alias_value=
ac_cv_env_target_alias_set=
ac_cv_env_target_alias_value=
ac_cv_func_arc4random_uniform=no
ac_cv_func_drand48=yes
ac_cv_func_gettimeofday=yes
ac_cv_func_strchr=yes
ac_cv_header_fcntl_h=yes
ac_cv_header_inttypes_h=yes
ac_cv_header_memory_h=yes
ac_cv_header_stdc=yes
ac_cv_header_stdint_h=yes
ac_cv_header_stdlib_h=yes
ac_cv_header_string_h=yes
ac_cv_header_strings_h=yes
ac_cv_header_sys_stat_h=yes
ac_cv_header_sys_time_h=yes
ac_cv_header_sys_types_h=yes
ac_cv_header_tr1_unordered_map=yes
ac_cv_header_unistd_h=yes
ac_cv_header_unordered_map=yes
ac_cv_objext=o
ac_cv_path_EGREP='/bin/grep -E'
ac_cv_path_GREP=/bin/grep
ac_cv_path_mkdir=/bin/mkdir
ac_cv_prog_CPP='gcc -E'
ac_cv_prog_CXXCPP='g++ -E'
ac_cv_prog_ac_ct_CC=gcc
ac_cv_prog_ac_ct_CXX=g++
ac_cv_prog_cc_c89=
ac_cv_prog_cc_g=yes
ac_cv_prog_cxx_g=yes
ax_cv_cxx_compile_cxx11=no
ax_cv_cxx_compile_cxx11__std_gnupp11=yes

## ----------------- ##
## Output variables. ##
## ----------------- ##

CC='gcc'
CFLAGS='-g -O2'
CPP='gcc -E'
CPPFLAGS=''
CXX='g++'
CXXCPP='g++ -E'
CXXFLAGS='-g -O2 -std=gnu++11'
DEFS='-DHAVE_CONFIG_H'
ECHO_C=''
ECHO_N='-n'
ECHO_T=''
EGREP='/bin/grep -E'
EXEEXT=''
GREP='/bin/grep'
HAVE_CXX11='1'
LDFLAGS=''
LIBOBJS=''
LIBS=''
LTLIBOBJS=''
MKDIR_P='/bin/mkdir -p'
OBJEXT='o'
PACKAGE_BUGREPORT='https://github.com/nneonneo/2048-ai/issues'
PACKAGE_NAME='2048 AI'
PACKAGE_STRING='2048 AI 1.0'
PACKAGE_TARNAME='2048-ai'
PACKAGE_URL='https://github.com/nneonneo/2048-ai'
PACKAGE_VERSION='1.0'
PATH_SEPARATOR=':'
SHELL='/bin/sh'
ac_ct_CC='gcc'
ac_ct_CXX='g++'
bindir='${exec_prefix}/bin'
build_alias=''
datadir='${datarootdir}'
datarootdir='${prefix}/share'
docdir='${datarootdir}/doc/${PACKAGE_TARNAME}'
dvidir='${docdir}'
exec_prefix='${prefix}'
host_alias=''
htmldir='${docdir}'
includedir='${prefix}/include'
infodir='${datarootdir}/info'
libdir='${exec_prefix}/lib'
libexecdir='${exec_prefix}/libexec'
localedir='${datarootdir}/locale'
localstatedir='${prefix}/var'
mandir='${datarootdir}/man'
oldincludedir='/usr/include'
pdfdir='${docdir}'
prefix='/usr/local'
program_transform_name='s,x,x,'
psdir='${docdir}'
sbindir='${exec_prefix}/sbin'
sharedstatedir='${prefix}/com'
sysconfdir='${prefix}/etc'
target_alias=''

## ----------- ##
## confdefs.h. ##
## ----------- ##

/* confdefs.h */
#define PACKAGE_NAME "2048 AI"
#define PACKAGE_TARNAME "2048-ai"
#define PACKAGE_VERSION "1.0"
#define PACKAGE_STRING "2048 AI 1.0"
#define PACKAGE_BUGREPORT "https://github.com/nneonneo/2048-ai/issues"
#define PACKAGE_URL "https://github.com/nneonneo/2048-ai"
#define HAVE_CXX11 1
#define STDC_HEADERS 1
#define HAVE_SYS_TYPES_H 1
#define HAVE_SYS_STAT_H 1
#define HAVE_STDLIB_H 1
#define HAVE_STRING_H 1
#define HAVE_MEMORY_H 1
#define HAVE_STRINGS_H 1
#define HAVE_INTTYPES_H 1
#define HAVE_STDINT_H 1
#define HAVE_UNISTD_H 1
#define HAVE_FCNTL_H 1
#define HAVE_STDINT_H 1
#define HAVE_STDLIB_H 1
#define HAVE_STRING_H 1
#define HAVE_SYS_TIME_H 1
#define HAVE_UNISTD_H 1
#define HAVE_UNORDERED_MAP 1
#define HAVE_TR1_UNORDERED_MAP 1
#define HAVE_GETTIMEOFDAY 1
#define HAVE_STRCHR 1
#define HAVE_DRAND48 1

configure: exit 0
